make all --print-data-base --no-builtin-variables --no-builtin-rules --question
# GNU Make 3.81
# Copyright (C) 2006  Free Software Foundation, Inc.
# This is free software; see the source for copying conditions.
# There is NO warranty; not even for MERCHANTABILITY or FITNESS FOR A
# PARTICULAR PURPOSE.

# This program built for i386-apple-darwin11.3.0
 
make: *** No rule to make target `all'.  Stop.


# Make data base, printed on Thu Aug 25 15:43:36 2022

# Variables

# makefile (from `makefile', line 62)
TIM_TEST8 = mooneye-gb/timer/tim11/
# makefile (from `makefile', line 63)
TIM_TEST9 = mooneye-gb/timer/tim11_div_trigger/
# automatic
<D = $(patsubst %/,%,$(dir $<))
# environment
RUBY_VERSION = ruby-2.6.5
# automatic
?F = $(notdir $?)
# environment
OPAM_SWITCH_PREFIX = /Users/nibnalin/.opam/default
# makefile (from `makefile', line 35)
TEST7 = mooneye-gb/jp_timing/
# environment
OCAML_TOPLEVEL_PATH = /Users/nibnalin/.opam/default/lib/toplevel
# makefile (from `makefile', line 50)
TEST22 = mooneye-gb/halt_ime0_ei/
# environment
NVM_INC = /Users/nibnalin/.nvm/versions/node/v16.12.0/include/node
# automatic
?D = $(patsubst %/,%,$(dir $?))
# environment
rvm_path = /Users/nibnalin/.rvm
# makefile (from `makefile', line 41)
TEST13 = mooneye-gb/intr_timing/
# automatic
@D = $(patsubst %/,%,$(dir $@))
# automatic
@F = $(notdir $@)
# makefile
CURDIR := /Users/nibnalin/Documents/worldwide
# makefile
SHELL = /bin/sh
# environment
VSCODE_NLS_CONFIG = {"locale":"en-gb","availableLanguages":{},"_languagePackSupport":true}
# environment
_ = /usr/bin/make
# makefile (from `makefile', line 56)
TIM_TEST2 = mooneye-gb/timer/tim00/
# makefile (from `makefile', line 1)
MAKEFILE_LIST :=  makefile
# makefile (from `makefile', line 33)
TEST5 = mooneye-gb/instr/daa/
# makefile (from `makefile', line 55)
TIM_TEST1 = mooneye-gb/timer/rapid_toggle/
# environment
VSCODE_AMD_ENTRYPOINT = vs/workbench/api/node/extensionHostProcess
# makefile (from `makefile', line 31)
TEST3 = mooneye-gb/call_cc_timing/
# makefile (from `makefile', line 3)
VERSION := v0.2.0-6-gae35fe6
# makefile (from `makefile', line 47)
TEST19 = mooneye-gb/if_ie_registers/
# environment
__CFBundleIdentifier = com.microsoft.VSCode
# makefile (from `makefile', line 64)
TIM_TEST10 = mooneye-gb/timer/tima_reload/
# makefile (from `makefile', line 43)
TEST15 = mooneye-gb/call_cc_timing2/
# makefile (from `makefile', line 54)
TIM_TEST0 = mooneye-gb/timer/div_write/
# environment
VSCODE_CWD = /
# environment
GOPROXY = https://proxy.golang.org,direct
# makefile (from `makefile', line 51)
TEST23 = mooneye-gb/halt_ime1_timing/
# environment
PATH = /Users/nibnalin/.rvm/gems/ruby-2.6.5/bin:/Users/nibnalin/.rvm/gems/ruby-2.6.5@global/bin:/Users/nibnalin/.rvm/rubies/ruby-2.6.5/bin:/Users/nibnalin/.nvm/versions/node/v16.12.0/bin:/Users/nibnalin/.nix-profile/bin:/Users/nibnalin/.opam/default/bin:/Users/nibnalin/.poetry/bin:/usr/local/opt/awscli@1/bin:/Users/nibnalin/Downloads/google-cloud-sdk/bin:/usr/local/bin:/usr/bin:/bin:/usr/sbin:/sbin:/Users/nibnalin/Library/Python/3.8/bin:/Library/TeX/texbin:/usr/local/go/bin:/usr/local/MacGPG2/bin:/Library/Apple/usr/bin:/Users/nibnalin/.cargo/bin:/Users/nibnalin/Library/Python/3.7/bin:/Users/nibnalin/.fig/bin:/Users/nibnalin/.rvm/bin:/Users/nibnalin/.foundry/bin
# makefile (from `makefile', line 60)
TIM_TEST6 = mooneye-gb/timer/tim10/
# makefile (from `makefile', line 65)
TIM_TEST11 = mooneye-gb/timer/tima_write_reloading/
# makefile (from `makefile', line 58)
TIM_TEST4 = mooneye-gb/timer/tim01/
# environment
GOPATH = /Users/nibnalin/go
# environment
NVM_BIN = /Users/nibnalin/.nvm/versions/node/v16.12.0/bin
# environment
ELECTRON_RUN_AS_NODE = 1
# makefile (from `makefile', line 4)
LDFLAGS := -X 'main.version=v0.2.0-6-gae35fe6'
# makefile (from `makefile', line 66)
TIM_TEST12 = mooneye-gb/timer/tma_write_reloading/
# default
.FEATURES := target-specific order-only second-expansion else-if archives jobserver check-symlink
# makefile (from `makefile', line 68)
define compare
	./$(BINDIR)/darwin-amd64/$(NAME) --test="./test/$1actual.jpg" ./test/$1rom.gb
	-diff "./test/$1actual.jpg" "./test/$1expected.jpg" && echo "$1 OK"
endef
# environment
SSH_AUTH_SOCK = /private/tmp/com.apple.launchd.gi4so19EIn/Listeners
# automatic
%F = $(notdir $%)
# environment
NIX_SSL_CERT_FILE = /Users/nibnalin/.nix-profile/etc/ssl/certs/ca-bundle.crt
# environment
rvm_bin_path = /Users/nibnalin/.rvm/bin
# environment
PWD = /Users/nibnalin/Documents/worldwide
# makefile (from `makefile', line 42)
TEST14 = mooneye-gb/oam_dma_restart/
# environment
GEM_HOME = /Users/nibnalin/.rvm/gems/ruby-2.6.5
# environment
ORIGINAL_XDG_CURRENT_DESKTOP = undefined
# environment
GOMODCACHE = /Users/nibnalin/go/pkg/mod
# environment
HOME = /Users/nibnalin
# default
MAKEFILEPATH = $(shell /usr/bin/xcode-select -print-path 2>/dev/null || echo /Developer)/Makefiles
# environment
VSCODE_CODE_CACHE_PATH = /Users/nibnalin/Library/Application Support/Code/CachedData/e4503b30fc78200f846c62cf8091b76ff5547662
# makefile (from `makefile', line 61)
TIM_TEST7 = mooneye-gb/timer/tim10_div_trigger/
# environment
LOGNAME = nibnalin
# environment
APPLICATION_INSIGHTS_NO_DIAGNOSTIC_CHANNEL = 1
# environment
NVM_CD_FLAGS = -q
# makefile (from `makefile', line 36)
TEST8 = mooneye-gb/ld_hl_sp_e_timing/
# makefile (from `makefile', line 37)
TEST9 = mooneye-gb/oam_dma/basic/
# environment
VSCODE_HANDLES_UNCAUGHT_ERRORS = true
# automatic
^D = $(patsubst %/,%,$(dir $^))
# environment
GEM_PATH = /Users/nibnalin/.rvm/gems/ruby-2.6.5:/Users/nibnalin/.rvm/gems/ruby-2.6.5@global
# environment
XPC_FLAGS = 0x0
# default
MAKE = $(MAKE_COMMAND)
# default
MAKECMDGOALS := all
# environment
IRBRC = /Users/nibnalin/.rvm/rubies/ruby-2.6.5/.irbrc
# environment
SHLVL = 1
# makefile (from `makefile', line 2)
BINDIR := ./build
# environment
NIX_PATH = /Users/nibnalin/.nix-defexpr/channels
# environment
NIX_PROFILES = /nix/var/nix/profiles/default /Users/nibnalin/.nix-profile
# makefile (from `makefile', line 28)
TEST0 = gb-test-roms/cpu_instrs/
# default
MAKE_VERSION := 3.81
# environment
USER = nibnalin
# environment
CAML_LD_LIBRARY_PATH = /Users/nibnalin/.opam/default/lib/stublibs:/Users/nibnalin/.opam/default/lib/ocaml/stublibs:/Users/nibnalin/.opam/default/lib/ocaml
# makefile
.DEFAULT_GOAL := build
# makefile (from `makefile', line 52)
TEST24 = mooneye-gb/halt_ime0_nointr_timing/
# makefile (from `makefile', line 59)
TIM_TEST5 = mooneye-gb/timer/tim01_div_trigger/
# makefile (from `makefile', line 1)
NAME := worldwide
# environment
rvm_version = 1.29.12 (latest)
# automatic
%D = $(patsubst %/,%,$(dir $%))
# makefile (from `makefile', line 57)
TIM_TEST3 = mooneye-gb/timer/tim00_div_trigger/
# default
MAKE_COMMAND := /Library/Developer/CommandLineTools/usr/bin/make
# makefile (from `makefile', line 29)
TEST1 = gb-test-roms/instr_timing/
# default
.VARIABLES := 
# environment
TMPDIR = /var/folders/9x/2_djf52x1_l5djbjq6l3vl180000gn/T/
# automatic
*F = $(notdir $*)
# environment
VSCODE_IPC_HOOK = /Users/nibnalin/Library/Application Support/Code/1.70.2-main.sock
# environment
MallocNanoZone = 0
# makefile
MAKEFLAGS = sRrqp
# makefile (from `makefile', line 38)
TEST10 = mooneye-gb/oam_dma/reg_read/
# environment
MFLAGS = -sRrqp
# automatic
*D = $(patsubst %/,%,$(dir $*))
# environment
NVM_DIR = /Users/nibnalin/.nvm
# environment
XPC_SERVICE_NAME = application.com.microsoft.VSCode.166250824.166250830
# automatic
+D = $(patsubst %/,%,$(dir $+))
# makefile (from `makefile', line 44)
TEST16 = mooneye-gb/call_timing2/
# automatic
+F = $(notdir $+)
# makefile (from `makefile', line 34)
TEST6 = mooneye-gb/intr_timing/
# makefile (from `makefile', line 39)
TEST11 = mooneye-gb/instr/daa/
# environment
__CF_USER_TEXT_ENCODING = 0x1F5:0x0:0x0
# environment
COMMAND_MODE = unix2003
# default
MAKEFILES := 
# makefile (from `makefile', line 45)
TEST17 = mooneye-gb/ei_sequence/
# automatic
<F = $(notdir $<)
# makefile (from `makefile', line 32)
TEST4 = mooneye-gb/div_timing/
# makefile (from `makefile', line 30)
TEST2 = mooneye-gb/add_sp_e_timing/
# environment
LC_ALL = C
# makefile (from `makefile', line 40)
TEST12 = mooneye-gb/ld_hl_sp_e_timing/
# makefile (from `makefile', line 48)
TEST20 = mooneye-gb/pop_timing/
# automatic
^F = $(notdir $^)
# environment
rvm_prefix = /Users/nibnalin
# default
SUFFIXES := 
# default
.INCLUDE_DIRS = /usr/local/include
# makefile (from `makefile', line 46)
TEST18 = mooneye-gb/ei_timing/
# makefile (from `makefile', line 49)
TEST21 = mooneye-gb/rapid_di_ei/
# environment
MAKELEVEL := 0
# environment
LANG = C
# environment
 
VSCODE_PID = 4519
# environment
MY_RUBY_HOME = /Users/nibnalin/.rvm/rubies/ruby-2.6.5
# variable set hash-table stats:
# Load=123/1024=12%, Rehash=0, Collisions=6/150=4%

# Pattern-specific Variable Values

# No pattern-specific variable values.

# Directories

# . (device 16777223, inode 165708325): 21 files, no impossibilities.

# 21 files, no impossibilities in 1 directories.

# Implicit Rules

# No implicit rules.

# Files

build-windows:
#  Phony target (prerequisite of .PHONY).
#  Implicit rule search has not been done.
#  File does not exist.
#  File has not been updated.
#  commands to execute (from `makefile', line 20):
	@GOOS=windows GOARCH=amd64 go build -tags windows -o $(BINDIR)/windows-amd64/$(NAME).exe -ldflags "$(LDFLAGS)" ./cmd/
	

build-linux:
#  Phony target (prerequisite of .PHONY).
#  Implicit rule search has not been done.
#  File does not exist.
#  File has not been updated.
#  commands to execute (from `makefile', line 16):
	@GOOS=linux GOARCH=amd64 go build -tags windows -o $(BINDIR)/linux-amd64/$(NAME) -ldflags "$(LDFLAGS)" ./cmd/
	

# Not a target:
all:
#  Command-line target.
#  Implicit rule search has been done.
#  File does not exist.
#  File has not been updated.
# variable set hash-table stats:
# Load=0/32=0%, Rehash=0, Collisions=0/0=0%

.PHONY: build ci build-linux build-windows clean test
#  Implicit rule search has not been done.
#  Modification time never checked.
#  File has not been updated.

# Not a target:
.SUFFIXES:
#  Implicit rule search has not been done.
#  Modification time never checked.
#  File has not been updated.

test:
#  Phony target (prerequisite of .PHONY).
#  Implicit rule search has not been done.
#  File does not exist.
#  File has not been updated.
#  commands to execute (from `makefile', line 75):
	make build
	-$(call compare,$(TEST0))
	-$(call compare,$(TEST1))
	-$(call compare,$(TEST2))
	-$(call compare,$(TEST3))
	-$(call compare,$(TEST4))
	-$(call compare,$(TEST5))
	-$(call compare,$(TEST6))
	-$(call compare,$(TEST7))
	-$(call compare,$(TEST8))
	-$(call compare,$(TEST9))
	-$(call compare,$(TEST10))
	-$(call compare,$(TEST11))
	-$(call compare,$(TEST12))
	-$(call compare,$(TEST13))
	-$(call compare,$(TEST14))
	-$(call compare,$(TEST15))
	-$(call compare,$(TEST16))
	-$(call compare,$(TEST17))
	-$(call compare,$(TEST18))
	-$(call compare,$(TEST19))
	-$(call compare,$(TEST20))
	-$(call compare,$(TEST21))
	-$(call compare,$(TEST22))
	-$(call compare,$(TEST23))
	-$(call compare,$(TEST24))
	-rm -f ./test/$(TEST0)actual.jpg \
	./test/$(TEST1)actual.jpg \
	./test/$(TEST2)actual.jpg \
	./test/$(TEST3)actual.jpg \
	./test/$(TEST4)actual.jpg \
	./test/$(TEST5)actual.jpg \
	./test/$(TEST6)actual.jpg \
	./test/$(TEST7)actual.jpg \
	./test/$(TEST8)actual.jpg \
	./test/$(TEST9)actual.jpg \
	./test/$(TEST10)actual.jpg \
	./test/$(TEST11)actual.jpg \
	./test/$(TEST12)actual.jpg \
	./test/$(TEST13)actual.jpg \
	./test/$(TEST14)actual.jpg \
	./test/$(TEST15)actual.jpg \
	./test/$(TEST16)actual.jpg \
	./test/$(TEST17)actual.jpg \
	./test/$(TEST18)actual.jpg \
	./test/$(TEST19)actual.jpg \
	./test/$(TEST20)actual.jpg \
	./test/$(TEST21)actual.jpg \
	./test/$(TEST22)actual.jpg \
	./test/$(TEST23)actual.jpg \
	./test/$(TEST24)actual.jpg \
	

# Not a target:
makefile:
#  Implicit rule search has been done.
#  Last modified 2022-08-24 21:15:13
#  File has been updated.
#  Successfully updated.
# variable set hash-table stats:
# Load=0/32=0%, Rehash=0, Collisions=0/0=0%

build:
#  Phony target (prerequisite of .PHONY).
#  Implicit rule search has not been done.
#  File does not exist.
#  File has not been updated.
#  commands to execute (from `makefile', line 8):
	@go build -tags macos -o $(BINDIR)/darwin-amd64/$(NAME) -ldflags "$(LDFLAGS)" ./cmd/
	

.SILENT:
#  Implicit rule search has not been done.
#  Modification time never checked.
#  File has not been updated.

# Not a target:
.DEFAULT:
#  Implicit rule search has not been done.
#  Modification time never checked.
#  File has not been updated.

ci:
#  Phony target (prerequisite of .PHONY).
#  Implicit rule search has not been done.
#  File does not exist.
#  File has not been updated.
#  commands to execute (from `makefile', line 12):
	go build -o gbc ./cmd/ && echo "OK" && rm -rf gbc
	

clean:
#  Phony target (prerequisite of .PHONY).
#  Implicit rule search has not been done.
#  File does not exist.
#  File has not been updated.
#  commands to execute (from `makefile', line 24):
	@-rm -rf $(BINDIR)
	

timer-test:
#  Implicit rule search has not been done.
#  Modification time never checked.
#  File has not been updated.
#  commands to execute (from `makefile', line 130):
	make build
	-$(call compare,$(TIM_TEST0))
	-$(call compare,$(TIM_TEST1))
	-$(call compare,$(TIM_TEST2))
	-$(call compare,$(TIM_TEST3))
	-$(call compare,$(TIM_TEST4))
	-$(call compare,$(TIM_TEST5))
	-$(call compare,$(TIM_TEST6))
	-$(call compare,$(TIM_TEST7))
	-$(call compare,$(TIM_TEST8))
	-$(call compare,$(TIM_TEST9))
	-$(call compare,$(TIM_TEST10))
	-$(call compare,$(TIM_TEST11))
	-$(call compare,$(TIM_TEST12))
	-rm -f ./test/$(TIM_TEST0)actual.jpg \
	./test/$(TIM_TEST1)actual.jpg \
	./test/$(TIM_TEST2)actual.jpg \
	./test/$(TIM_TEST3)actual.jpg \
	./test/$(TIM_TEST4)actual.jpg \
	./test/$(TIM_TEST5)actual.jpg \
	./test/$(TIM_TEST6)actual.jpg \
	./test/$(TIM_TEST7)actual.jpg \
	./test/$(TIM_TEST8)actual.jpg \
	./test/$(TIM_TEST9)actual.jpg \
	./test/$(TIM_TEST10)actual.jpg \
	./test/$(TIM_TEST11)actual.jpg \
	./test/$(TIM_TEST12)actual.jpg \
	

# files hash-table stats:
# Load=13/1024=1%, Rehash=0, Collisions=0/37=0%
# VPATH Search Paths

# No `vpath' search paths.

# No general (`VPATH' variable) search path.

# # of strings in strcache: 1
# # of strcache buffers: 1
# strcache size: total = 4096 / max = 4096 / min = 4096 / avg = 4096
# strcache free: total = 4087 / max = 4087 / min = 4087 / avg = 4087

# Finished Make data base on Thu Aug 25 15:43:36 2022

 
